./autorun: line 103:  6929 Segmentation fault      (core dumped) bin/circle $FLAGS $PORT >>syslog 2>&1
./autorun: line 103:  5989 Segmentation fault      (core dumped) bin/circle $FLAGS $PORT >>syslog 2>&1
./autorun: line 103:  6083 Segmentation fault      (core dumped) bin/circle $FLAGS $PORT >>syslog 2>&1
./autorun: line 103: 26220 Segmentation fault      (core dumped) bin/circle $FLAGS $PORT >>syslog 2>&1
./autorun: line 103:  1239 Segmentation fault      (core dumped) bin/circle $FLAGS $PORT >>syslog 2>&1
./autorun: line 103:  3204 Segmentation fault      (core dumped) bin/circle $FLAGS $PORT >>syslog 2>&1
./autorun: line 103:  3242 Segmentation fault      (core dumped) bin/circle $FLAGS $PORT >>syslog 2>&1
./autorun: line 103:  3302 Segmentation fault      (core dumped) bin/circle $FLAGS $PORT >>syslog 2>&1
./autorun: line 103:  3336 Segmentation fault      (core dumped) bin/circle $FLAGS $PORT >>syslog 2>&1
./autorun: line 103:  3370 Segmentation fault      (core dumped) bin/circle $FLAGS $PORT >>syslog 2>&1
./autorun: line 103:  3551 Segmentation fault      (core dumped) bin/circle $FLAGS $PORT >>syslog 2>&1
./autorun: line 103:  4388 Segmentation fault      (core dumped) bin/circle $FLAGS $PORT >>syslog 2>&1
./autorun: line 103:  4446 Segmentation fault      (core dumped) bin/circle $FLAGS $PORT >>syslog 2>&1
./autorun: line 103:  5144 Segmentation fault      (core dumped) bin/circle $FLAGS $PORT >>syslog 2>&1
./autorun: line 103:  5839 Segmentation fault      (core dumped) bin/circle $FLAGS $PORT >>syslog 2>&1
./autorun: line 103:  5873 Segmentation fault      (core dumped) bin/circle $FLAGS $PORT >>syslog 2>&1
./autorun: line 103:  6515 Segmentation fault      (core dumped) bin/circle $FLAGS $PORT >>syslog 2>&1
./autorun: line 103:  6555 Segmentation fault      (core dumped) bin/circle $FLAGS $PORT >>syslog 2>&1
./autorun: line 103:  7099 Segmentation fault      (core dumped) bin/circle $FLAGS $PORT >>syslog 2>&1
./autorun: line 103: 10675 Segmentation fault      (core dumped) bin/circle $FLAGS $PORT >>syslog 2>&1
./autorun: line 103: 11949 Segmentation fault      (core dumped) bin/circle $FLAGS $PORT >>syslog 2>&1
./autorun: line 103: 13035 Segmentation fault      (core dumped) bin/circle $FLAGS $PORT >>syslog 2>&1
./autorun: line 103: 13069 Segmentation fault      (core dumped) bin/circle $FLAGS $PORT >>syslog 2>&1
./autorun: line 103: 13103 Segmentation fault      (core dumped) bin/circle $FLAGS $PORT >>syslog 2>&1
./autorun: line 103: 13137 Segmentation fault      (core dumped) bin/circle $FLAGS $PORT >>syslog 2>&1
./autorun: line 103: 13171 Segmentation fault      (core dumped) bin/circle $FLAGS $PORT >>syslog 2>&1
./autorun: line 103: 13205 Segmentation fault      (core dumped) bin/circle $FLAGS $PORT >>syslog 2>&1
./autorun: line 103: 13245 Segmentation fault      (core dumped) bin/circle $FLAGS $PORT >>syslog 2>&1
./autorun: line 103: 13279 Segmentation fault      (core dumped) bin/circle $FLAGS $PORT >>syslog 2>&1
./autorun: line 103: 13377 Segmentation fault      (core dumped) bin/circle $FLAGS $PORT >>syslog 2>&1
./autorun: line 103: 13431 Segmentation fault      (core dumped) bin/circle $FLAGS $PORT >>syslog 2>&1
./autorun: line 103: 13872 Segmentation fault      (core dumped) bin/circle $FLAGS $PORT >>syslog 2>&1
./autorun: line 103: 13920 Segmentation fault      (core dumped) bin/circle $FLAGS $PORT >>syslog 2>&1
./autorun: line 103: 13964 Segmentation fault      (core dumped) bin/circle $FLAGS $PORT >>syslog 2>&1
./autorun: line 103: 14012 Segmentation fault      (core dumped) bin/circle $FLAGS $PORT >>syslog 2>&1
./autorun: line 103: 14054 Segmentation fault      (core dumped) bin/circle $FLAGS $PORT >>syslog 2>&1
./autorun: line 103: 14355 Segmentation fault      (core dumped) bin/circle $FLAGS $PORT >>syslog 2>&1
./autorun: line 103: 14409 Segmentation fault      (core dumped) bin/circle $FLAGS $PORT >>syslog 2>&1
./autorun: line 103: 14877 Segmentation fault      (core dumped) bin/circle $FLAGS $PORT >>syslog 2>&1
./autorun: line 103: 14957 Segmentation fault      (core dumped) bin/circle $FLAGS $PORT >>syslog 2>&1
./autorun: line 103: 15107 Segmentation fault      (core dumped) bin/circle $FLAGS $PORT >>syslog 2>&1
./autorun: line 103: 15141 Segmentation fault      (core dumped) bin/circle $FLAGS $PORT >>syslog 2>&1
./autorun: line 103: 20167 Segmentation fault      (core dumped) bin/circle $FLAGS $PORT >>syslog 2>&1
./autorun: line 103: 21519 Segmentation fault      (core dumped) bin/circle $FLAGS $PORT >>syslog 2>&1
./autorun: line 103: 21557 Segmentation fault      (core dumped) bin/circle $FLAGS $PORT >>syslog 2>&1
./autorun: line 103: 21611 Segmentation fault      (core dumped) bin/circle $FLAGS $PORT >>syslog 2>&1
./autorun: line 103: 21647 Segmentation fault      (core dumped) bin/circle $FLAGS $PORT >>syslog 2>&1
./autorun: line 103: 21681 Segmentation fault      (core dumped) bin/circle $FLAGS $PORT >>syslog 2>&1
./autorun: line 103: 21733 Segmentation fault      (core dumped) bin/circle $FLAGS $PORT >>syslog 2>&1
./autorun: line 103: 23237 Segmentation fault      (core dumped) bin/circle $FLAGS $PORT >>syslog 2>&1
./autorun: line 103: 23271 Segmentation fault      (core dumped) bin/circle $FLAGS $PORT >>syslog 2>&1
./autorun: line 103: 23311 Segmentation fault      (core dumped) bin/circle $FLAGS $PORT >>syslog 2>&1
./autorun: line 103: 23383 Segmentation fault      (core dumped) bin/circle $FLAGS $PORT >>syslog 2>&1
./autorun: line 103: 23903 Segmentation fault      (core dumped) bin/circle $FLAGS $PORT >>syslog 2>&1
./autorun: line 103: 23939 Segmentation fault      (core dumped) bin/circle $FLAGS $PORT >>syslog 2>&1
./autorun: line 103: 24083 Segmentation fault      (core dumped) bin/circle $FLAGS $PORT >>syslog 2>&1
./autorun: line 103: 24137 Segmentation fault      (core dumped) bin/circle $FLAGS $PORT >>syslog 2>&1
./autorun: line 103: 24921 Segmentation fault      (core dumped) bin/circle $FLAGS $PORT >>syslog 2>&1
./autorun: line 103: 25033 Segmentation fault      (core dumped) bin/circle $FLAGS $PORT >>syslog 2>&1
./autorun: line 103: 25676 Segmentation fault      (core dumped) bin/circle $FLAGS $PORT >>syslog 2>&1
./autorun: line 103: 25870 Segmentation fault      (core dumped) bin/circle $FLAGS $PORT >>syslog 2>&1
./autorun: line 103: 29016 Segmentation fault      (core dumped) bin/circle $FLAGS $PORT >>syslog 2>&1
./autorun: line 103: 30302 Segmentation fault      (core dumped) bin/circle $FLAGS $PORT >>syslog 2>&1
./autorun: line 103: 31758 Segmentation fault      (core dumped) bin/circle $FLAGS $PORT >>syslog 2>&1
./autorun: line 103: 31792 Segmentation fault      (core dumped) bin/circle $FLAGS $PORT >>syslog 2>&1
./autorun: line 103: 31826 Segmentation fault      (core dumped) bin/circle $FLAGS $PORT >>syslog 2>&1
./autorun: line 103:  1293 Segmentation fault      (core dumped) bin/circle $FLAGS $PORT >>syslog 2>&1
./autorun: line 103:  1876 Segmentation fault      (core dumped) bin/circle $FLAGS $PORT >>syslog 2>&1
./autorun: line 103:  2277 Segmentation fault      (core dumped) bin/circle $FLAGS $PORT >>syslog 2>&1
./autorun: line 103:  2663 Segmentation fault      (core dumped) bin/circle $FLAGS $PORT >>syslog 2>&1
./autorun: line 103:  2707 Segmentation fault      (core dumped) bin/circle $FLAGS $PORT >>syslog 2>&1
./autorun: line 103:  3785 Segmentation fault      (core dumped) bin/circle $FLAGS $PORT >>syslog 2>&1
./autorun: line 103:  3837 Segmentation fault      (core dumped) bin/circle $FLAGS $PORT >>syslog 2>&1
./autorun: line 103:  4335 Segmentation fault      (core dumped) bin/circle $FLAGS $PORT >>syslog 2>&1
./autorun: line 103:  5080 Segmentation fault      (core dumped) bin/circle $FLAGS $PORT >>syslog 2>&1
./autorun: line 103:  5686 Segmentation fault      (core dumped) bin/circle $FLAGS $PORT >>syslog 2>&1
./autorun: line 103:  5720 Segmentation fault      (core dumped) bin/circle $FLAGS $PORT >>syslog 2>&1
./autorun: line 103:  5766 Segmentation fault      (core dumped) bin/circle $FLAGS $PORT >>syslog 2>&1
./autorun: line 103:  5802 Segmentation fault      (core dumped) bin/circle $FLAGS $PORT >>syslog 2>&1
./autorun: line 103:  5838 Segmentation fault      (core dumped) bin/circle $FLAGS $PORT >>syslog 2>&1
./autorun: line 103:  5878 Segmentation fault      (core dumped) bin/circle $FLAGS $PORT >>syslog 2>&1
./autorun: line 103:  5926 Segmentation fault      (core dumped) bin/circle $FLAGS $PORT >>syslog 2>&1
./autorun: line 103:  5968 Segmentation fault      (core dumped) bin/circle $FLAGS $PORT >>syslog 2>&1
./autorun: line 103:  6438 Segmentation fault      (core dumped) bin/circle $FLAGS $PORT >>syslog 2>&1
./autorun: line 103:  6554 Segmentation fault      (core dumped) bin/circle $FLAGS $PORT >>syslog 2>&1
./autorun: line 103:  6590 Segmentation fault      (core dumped) bin/circle $FLAGS $PORT >>syslog 2>&1
./autorun: line 103:  6624 Segmentation fault      (core dumped) bin/circle $FLAGS $PORT >>syslog 2>&1
./autorun: line 103:  6792 Segmentation fault      (core dumped) bin/circle $FLAGS $PORT >>syslog 2>&1
./autorun: line 103:  6844 Segmentation fault      (core dumped) bin/circle $FLAGS $PORT >>syslog 2>&1
./autorun: line 103:  7295 Segmentation fault      (core dumped) bin/circle $FLAGS $PORT >>syslog 2>&1
./autorun: line 103:  7375 Segmentation fault      (core dumped) bin/circle $FLAGS $PORT >>syslog 2>&1
./autorun: line 103:  7579 Segmentation fault      (core dumped) bin/circle $FLAGS $PORT >>syslog 2>&1
./autorun: line 103:  7617 Segmentation fault      (core dumped) bin/circle $FLAGS $PORT >>syslog 2>&1
./autorun: line 103:  8029 Segmentation fault      (core dumped) bin/circle $FLAGS $PORT >>syslog 2>&1
./autorun: line 103:  8065 Segmentation fault      (core dumped) bin/circle $FLAGS $PORT >>syslog 2>&1
./autorun: line 103:  8101 Segmentation fault      (core dumped) bin/circle $FLAGS $PORT >>syslog 2>&1
./autorun: line 103:  8137 Segmentation fault      (core dumped) bin/circle $FLAGS $PORT >>syslog 2>&1
./autorun: line 103:  8173 Segmentation fault      (core dumped) bin/circle $FLAGS $PORT >>syslog 2>&1
./autorun: line 103:  8207 Segmentation fault      (core dumped) bin/circle $FLAGS $PORT >>syslog 2>&1
./autorun: line 103:  8255 Segmentation fault      (core dumped) bin/circle $FLAGS $PORT >>syslog 2>&1
./autorun: line 103:  8293 Segmentation fault      (core dumped) bin/circle $FLAGS $PORT >>syslog 2>&1
./autorun: line 103:  8331 Segmentation fault      (core dumped) bin/circle $FLAGS $PORT >>syslog 2>&1
./autorun: line 103:  8367 Segmentation fault      (core dumped) bin/circle $FLAGS $PORT >>syslog 2>&1
./autorun: line 103:  8415 Segmentation fault      (core dumped) bin/circle $FLAGS $PORT >>syslog 2>&1
./autorun: line 103:  8449 Segmentation fault      (core dumped) bin/circle $FLAGS $PORT >>syslog 2>&1
./autorun: line 103:  8485 Segmentation fault      (core dumped) bin/circle $FLAGS $PORT >>syslog 2>&1
./autorun: line 103:  8521 Segmentation fault      (core dumped) bin/circle $FLAGS $PORT >>syslog 2>&1
./autorun: line 103:  8557 Segmentation fault      (core dumped) bin/circle $FLAGS $PORT >>syslog 2>&1
./autorun: line 103:  8611 Segmentation fault      (core dumped) bin/circle $FLAGS $PORT >>syslog 2>&1
./autorun: line 103:  8647 Segmentation fault      (core dumped) bin/circle $FLAGS $PORT >>syslog 2>&1
./autorun: line 103:  9204 Segmentation fault      (core dumped) bin/circle $FLAGS $PORT >>syslog 2>&1
./autorun: line 103:  9304 Segmentation fault      (core dumped) bin/circle $FLAGS $PORT >>syslog 2>&1
./autorun: line 103:  9378 Segmentation fault      (core dumped) bin/circle $FLAGS $PORT >>syslog 2>&1
./autorun: line 103:  9430 Segmentation fault      (core dumped) bin/circle $FLAGS $PORT >>syslog 2>&1
./autorun: line 103:  9486 Segmentation fault      (core dumped) bin/circle $FLAGS $PORT >>syslog 2>&1
./autorun: line 103:  9548 Segmentation fault      (core dumped) bin/circle $FLAGS $PORT >>syslog 2>&1
./autorun: line 103:  9582 Segmentation fault      (core dumped) bin/circle $FLAGS $PORT >>syslog 2>&1
./autorun: line 103:  9748 Segmentation fault      (core dumped) bin/circle $FLAGS $PORT >>syslog 2>&1
./autorun: line 103:  9828 Segmentation fault      (core dumped) bin/circle $FLAGS $PORT >>syslog 2>&1
./autorun: line 103: 10226 Segmentation fault      (core dumped) bin/circle $FLAGS $PORT >>syslog 2>&1
./autorun: line 103: 10294 Segmentation fault      (core dumped) bin/circle $FLAGS $PORT >>syslog 2>&1
./autorun: line 103: 10330 Segmentation fault      (core dumped) bin/circle $FLAGS $PORT >>syslog 2>&1
./autorun: line 103: 10970 Segmentation fault      (core dumped) bin/circle $FLAGS $PORT >>syslog 2>&1
./autorun: line 103: 11012 Segmentation fault      (core dumped) bin/circle $FLAGS $PORT >>syslog 2>&1
./autorun: line 103: 11060 Segmentation fault      (core dumped) bin/circle $FLAGS $PORT >>syslog 2>&1
fgrep: syslog: No such file or directory
fgrep: syslog: No such file or directory
fgrep: syslog: No such file or directory
fgrep: syslog: No such file or directory
fgrep: syslog: No such file or directory
./autorun: line 103:   644 Segmentation fault      (core dumped) bin/circle $FLAGS $PORT >>syslog 2>&1
./autorun: line 103:  2090 Segmentation fault      (core dumped) bin/circle $FLAGS $PORT >>syslog 2>&1
./autorun: line 103:  2916 Segmentation fault      (core dumped) bin/circle $FLAGS $PORT >>syslog 2>&1
./autorun: line 103:  2950 Segmentation fault      (core dumped) bin/circle $FLAGS $PORT >>syslog 2>&1
./autorun: line 103:  3388 Segmentation fault      (core dumped) bin/circle $FLAGS $PORT >>syslog 2>&1
./autorun: line 103:  3424 Segmentation fault      (core dumped) bin/circle $FLAGS $PORT >>syslog 2>&1
./autorun: line 103:  3458 Segmentation fault      (core dumped) bin/circle $FLAGS $PORT >>syslog 2>&1
./autorun: line 103:  3492 Segmentation fault      (core dumped) bin/circle $FLAGS $PORT >>syslog 2>&1
./autorun: line 103:  3526 Segmentation fault      (core dumped) bin/circle $FLAGS $PORT >>syslog 2>&1
./autorun: line 103:  3562 Segmentation fault      (core dumped) bin/circle $FLAGS $PORT >>syslog 2>&1
./autorun: line 103:  3596 Segmentation fault      (core dumped) bin/circle $FLAGS $PORT >>syslog 2>&1
./autorun: line 103:  3630 Segmentation fault      (core dumped) bin/circle $FLAGS $PORT >>syslog 2>&1
./autorun: line 103:  3680 Segmentation fault      (core dumped) bin/circle $FLAGS $PORT >>syslog 2>&1
./autorun: line 103:  3850 Segmentation fault      (core dumped) bin/circle $FLAGS $PORT >>syslog 2>&1
./autorun: line 103:  4473 Segmentation fault      (core dumped) bin/circle $FLAGS $PORT >>syslog 2>&1
./autorun: line 103:  4623 Segmentation fault      (core dumped) bin/circle $FLAGS $PORT >>syslog 2>&1
./autorun: line 103:  4679 Segmentation fault      (core dumped) bin/circle $FLAGS $PORT >>syslog 2>&1
./autorun: line 103:  4751 Segmentation fault      (core dumped) bin/circle $FLAGS $PORT >>syslog 2>&1
./autorun: line 103:  4787 Segmentation fault      (core dumped) bin/circle $FLAGS $PORT >>syslog 2>&1
./autorun: line 103:  5833 Segmentation fault      (core dumped) bin/circle $FLAGS $PORT >>syslog 2>&1
./autorun: line 103:  5893 Segmentation fault      (core dumped) bin/circle $FLAGS $PORT >>syslog 2>&1
./autorun: line 103:  5943 Segmentation fault      (core dumped) bin/circle $FLAGS $PORT >>syslog 2>&1
./autorun: line 103:  6149 Segmentation fault      (core dumped) bin/circle $FLAGS $PORT >>syslog 2>&1
./autorun: line 103:  6571 Segmentation fault      (core dumped) bin/circle $FLAGS $PORT >>syslog 2>&1
./autorun: line 103:  6633 Segmentation fault      (core dumped) bin/circle $FLAGS $PORT >>syslog 2>&1
./autorun: line 103:  6683 Segmentation fault      (core dumped) bin/circle $FLAGS $PORT >>syslog 2>&1
./autorun: line 103:  6769 Segmentation fault      (core dumped) bin/circle $FLAGS $PORT >>syslog 2>&1
./autorun: line 103:  6867 Segmentation fault      (core dumped) bin/circle $FLAGS $PORT >>syslog 2>&1
./autorun: line 103:  6921 Segmentation fault      (core dumped) bin/circle $FLAGS $PORT >>syslog 2>&1
./autorun: line 103:  7065 Segmentation fault      (core dumped) bin/circle $FLAGS $PORT >>syslog 2>&1
./autorun: line 103:  7117 Segmentation fault      (core dumped) bin/circle $FLAGS $PORT >>syslog 2>&1
./autorun: line 103:  7279 Segmentation fault      (core dumped) bin/circle $FLAGS $PORT >>syslog 2>&1
./autorun: line 103:  7317 Segmentation fault      (core dumped) bin/circle $FLAGS $PORT >>syslog 2>&1
./autorun: line 103:  7353 Segmentation fault      (core dumped) bin/circle $FLAGS $PORT >>syslog 2>&1
./autorun: line 103:  7505 Segmentation fault      (core dumped) bin/circle $FLAGS $PORT >>syslog 2>&1
./autorun: line 103:  7543 Segmentation fault      (core dumped) bin/circle $FLAGS $PORT >>syslog 2>&1
./autorun: line 103:  7591 Segmentation fault      (core dumped) bin/circle $FLAGS $PORT >>syslog 2>&1
./autorun: line 103:  7625 Segmentation fault      (core dumped) bin/circle $FLAGS $PORT >>syslog 2>&1
./autorun: line 103:  7661 Segmentation fault      (core dumped) bin/circle $FLAGS $PORT >>syslog 2>&1
./autorun: line 103:  7701 Segmentation fault      (core dumped) bin/circle $FLAGS $PORT >>syslog 2>&1
./autorun: line 103:  7775 Segmentation fault      (core dumped) bin/circle $FLAGS $PORT >>syslog 2>&1
./autorun: line 103:  7813 Segmentation fault      (core dumped) bin/circle $FLAGS $PORT >>syslog 2>&1
./autorun: line 103:  7865 Segmentation fault      (core dumped) bin/circle $FLAGS $PORT >>syslog 2>&1
./autorun: line 103:  7945 Segmentation fault      (core dumped) bin/circle $FLAGS $PORT >>syslog 2>&1
./autorun: line 103:  8033 Segmentation fault      (core dumped) bin/circle $FLAGS $PORT >>syslog 2>&1
./autorun: line 103:  8087 Segmentation fault      (core dumped) bin/circle $FLAGS $PORT >>syslog 2>&1
./autorun: line 103:  8167 Segmentation fault      (core dumped) bin/circle $FLAGS $PORT >>syslog 2>&1
./autorun: line 103:  8201 Segmentation fault      (core dumped) bin/circle $FLAGS $PORT >>syslog 2>&1
./autorun: line 103:  8235 Segmentation fault      (core dumped) bin/circle $FLAGS $PORT >>syslog 2>&1
./autorun: line 103:  8503 Segmentation fault      (core dumped) bin/circle $FLAGS $PORT >>syslog 2>&1
./autorun: line 103:  8541 Segmentation fault      (core dumped) bin/circle $FLAGS $PORT >>syslog 2>&1
./autorun: line 103:  8577 Segmentation fault      (core dumped) bin/circle $FLAGS $PORT >>syslog 2>&1
./autorun: line 103:  8755 Segmentation fault      (core dumped) bin/circle $FLAGS $PORT >>syslog 2>&1
./autorun: line 103:  8835 Segmentation fault      (core dumped) bin/circle $FLAGS $PORT >>syslog 2>&1
./autorun: line 103:  8885 Segmentation fault      (core dumped) bin/circle $FLAGS $PORT >>syslog 2>&1
./autorun: line 103:  8937 Segmentation fault      (core dumped) bin/circle $FLAGS $PORT >>syslog 2>&1
./autorun: line 103:  9113 Segmentation fault      (core dumped) bin/circle $FLAGS $PORT >>syslog 2>&1
./autorun: line 103:  9161 Segmentation fault      (core dumped) bin/circle $FLAGS $PORT >>syslog 2>&1
./autorun: line 103:  9267 Segmentation fault      (core dumped) bin/circle $FLAGS $PORT >>syslog 2>&1
./autorun: line 103:  9321 Segmentation fault      (core dumped) bin/circle $FLAGS $PORT >>syslog 2>&1
./autorun: line 103:  9355 Segmentation fault      (core dumped) bin/circle $FLAGS $PORT >>syslog 2>&1
./autorun: line 103:  9389 Segmentation fault      (core dumped) bin/circle $FLAGS $PORT >>syslog 2>&1
./autorun: line 103:  9423 Segmentation fault      (core dumped) bin/circle $FLAGS $PORT >>syslog 2>&1
./autorun: line 103:  9457 Segmentation fault      (core dumped) bin/circle $FLAGS $PORT >>syslog 2>&1
./autorun: line 103:  9493 Segmentation fault      (core dumped) bin/circle $FLAGS $PORT >>syslog 2>&1
./autorun: line 103:  9527 Segmentation fault      (core dumped) bin/circle $FLAGS $PORT >>syslog 2>&1
./autorun: line 103:  9563 Segmentation fault      (core dumped) bin/circle $FLAGS $PORT >>syslog 2>&1
./autorun: line 103:  9597 Segmentation fault      (core dumped) bin/circle $FLAGS $PORT >>syslog 2>&1
./autorun: line 103:  9671 Segmentation fault      (core dumped) bin/circle $FLAGS $PORT >>syslog 2>&1
./autorun: line 103:  9707 Segmentation fault      (core dumped) bin/circle $FLAGS $PORT >>syslog 2>&1
./autorun: line 103:  9743 Segmentation fault      (core dumped) bin/circle $FLAGS $PORT >>syslog 2>&1
./autorun: line 103: 10031 Segmentation fault      (core dumped) bin/circle $FLAGS $PORT >>syslog 2>&1
./autorun: line 103: 10077 Segmentation fault      (core dumped) bin/circle $FLAGS $PORT >>syslog 2>&1
./autorun: line 103: 10115 Segmentation fault      (core dumped) bin/circle $FLAGS $PORT >>syslog 2>&1
./autorun: line 103: 10151 Segmentation fault      (core dumped) bin/circle $FLAGS $PORT >>syslog 2>&1
./autorun: line 103: 10189 Segmentation fault      (core dumped) bin/circle $FLAGS $PORT >>syslog 2>&1
./autorun: line 103: 10259 Segmentation fault      (core dumped) bin/circle $FLAGS $PORT >>syslog 2>&1
./autorun: line 103: 10299 Segmentation fault      (core dumped) bin/circle $FLAGS $PORT >>syslog 2>&1
./autorun: line 103: 10395 Segmentation fault      (core dumped) bin/circle $FLAGS $PORT >>syslog 2>&1
./autorun: line 103: 10431 Segmentation fault      (core dumped) bin/circle $FLAGS $PORT >>syslog 2>&1
./autorun: line 103: 10467 Segmentation fault      (core dumped) bin/circle $FLAGS $PORT >>syslog 2>&1
./autorun: line 103: 10515 Segmentation fault      (core dumped) bin/circle $FLAGS $PORT >>syslog 2>&1
./autorun: line 103: 10551 Segmentation fault      (core dumped) bin/circle $FLAGS $PORT >>syslog 2>&1
./autorun: line 103: 10613 Segmentation fault      (core dumped) bin/circle $FLAGS $PORT >>syslog 2>&1
./autorun: line 103: 10667 Segmentation fault      (core dumped) bin/circle $FLAGS $PORT >>syslog 2>&1
./autorun: line 103: 10721 Segmentation fault      (core dumped) bin/circle $FLAGS $PORT >>syslog 2>&1
./autorun: line 103: 10933 Segmentation fault      (core dumped) bin/circle $FLAGS $PORT >>syslog 2>&1
./autorun: line 103: 11051 Segmentation fault      (core dumped) bin/circle $FLAGS $PORT >>syslog 2>&1
./autorun: line 103: 11089 Segmentation fault      (core dumped) bin/circle $FLAGS $PORT >>syslog 2>&1
./autorun: line 103: 11129 Segmentation fault      (core dumped) bin/circle $FLAGS $PORT >>syslog 2>&1
./autorun: line 103: 11177 Segmentation fault      (core dumped) bin/circle $FLAGS $PORT >>syslog 2>&1
./autorun: line 103: 11213 Segmentation fault      (core dumped) bin/circle $FLAGS $PORT >>syslog 2>&1
./autorun: line 103: 11440 Segmentation fault      (core dumped) bin/circle $FLAGS $PORT >>syslog 2>&1
./autorun: line 103: 11476 Segmentation fault      (core dumped) bin/circle $FLAGS $PORT >>syslog 2>&1
./autorun: line 103: 11512 Segmentation fault      (core dumped) bin/circle $FLAGS $PORT >>syslog 2>&1
./autorun: line 103: 11562 Segmentation fault      (core dumped) bin/circle $FLAGS $PORT >>syslog 2>&1
./autorun: line 103: 11600 Segmentation fault      (core dumped) bin/circle $FLAGS $PORT >>syslog 2>&1
./autorun: line 103: 11636 Segmentation fault      (core dumped) bin/circle $FLAGS $PORT >>syslog 2>&1
./autorun: line 103: 11670 Segmentation fault      (core dumped) bin/circle $FLAGS $PORT >>syslog 2>&1
./autorun: line 103: 11716 Segmentation fault      (core dumped) bin/circle $FLAGS $PORT >>syslog 2>&1
./autorun: line 103: 11752 Segmentation fault      (core dumped) bin/circle $FLAGS $PORT >>syslog 2>&1
./autorun: line 103: 11786 Segmentation fault      (core dumped) bin/circle $FLAGS $PORT >>syslog 2>&1
./autorun: line 103: 11822 Segmentation fault      (core dumped) bin/circle $FLAGS $PORT >>syslog 2>&1
./autorun: line 103: 11860 Segmentation fault      (core dumped) bin/circle $FLAGS $PORT >>syslog 2>&1
./autorun: line 103: 11980 Aborted                 (core dumped) bin/circle $FLAGS $PORT >>syslog 2>&1
./autorun: line 103: 12032 Segmentation fault      (core dumped) bin/circle $FLAGS $PORT >>syslog 2>&1
./autorun: line 103: 12088 Segmentation fault      (core dumped) bin/circle $FLAGS $PORT >>syslog 2>&1
./autorun: line 103: 12166 Segmentation fault      (core dumped) bin/circle $FLAGS $PORT >>syslog 2>&1
./autorun: line 103: 12402 Segmentation fault      (core dumped) bin/circle $FLAGS $PORT >>syslog 2>&1
./autorun: line 103: 12438 Segmentation fault      (core dumped) bin/circle $FLAGS $PORT >>syslog 2>&1
./autorun: line 103: 12490 Segmentation fault      (core dumped) bin/circle $FLAGS $PORT >>syslog 2>&1
./autorun: line 103: 12524 Segmentation fault      (core dumped) bin/circle $FLAGS $PORT >>syslog 2>&1
./autorun: line 103: 12560 Segmentation fault      (core dumped) bin/circle $FLAGS $PORT >>syslog 2>&1
./autorun: line 103: 12594 Segmentation fault      (core dumped) bin/circle $FLAGS $PORT >>syslog 2>&1
./autorun: line 103: 12628 Segmentation fault      (core dumped) bin/circle $FLAGS $PORT >>syslog 2>&1
./autorun: line 103: 12682 Segmentation fault      (core dumped) bin/circle $FLAGS $PORT >>syslog 2>&1
./autorun: line 103: 12740 Segmentation fault      (core dumped) bin/circle $FLAGS $PORT >>syslog 2>&1
./autorun: line 103: 12776 Segmentation fault      (core dumped) bin/circle $FLAGS $PORT >>syslog 2>&1
./autorun: line 103: 12824 Segmentation fault      (core dumped) bin/circle $FLAGS $PORT >>syslog 2>&1
./autorun: line 103: 12858 Segmentation fault      (core dumped) bin/circle $FLAGS $PORT >>syslog 2>&1
./autorun: line 103: 12894 Segmentation fault      (core dumped) bin/circle $FLAGS $PORT >>syslog 2>&1
./autorun: line 103: 12954 Segmentation fault      (core dumped) bin/circle $FLAGS $PORT >>syslog 2>&1
./autorun: line 103: 13006 Segmentation fault      (core dumped) bin/circle $FLAGS $PORT >>syslog 2>&1
./autorun: line 103: 13042 Segmentation fault      (core dumped) bin/circle $FLAGS $PORT >>syslog 2>&1
./autorun: line 103: 13101 Segmentation fault      (core dumped) bin/circle $FLAGS $PORT >>syslog 2>&1
./autorun: line 103: 13251 Segmentation fault      (core dumped) bin/circle $FLAGS $PORT >>syslog 2>&1
./autorun: line 103: 13289 Segmentation fault      (core dumped) bin/circle $FLAGS $PORT >>syslog 2>&1
./autorun: line 103: 13349 Segmentation fault      (core dumped) bin/circle $FLAGS $PORT >>syslog 2>&1
./autorun: line 103: 13432 Segmentation fault      (core dumped) bin/circle $FLAGS $PORT >>syslog 2>&1
./autorun: line 103: 13488 Segmentation fault      (core dumped) bin/circle $FLAGS $PORT >>syslog 2>&1
./autorun: line 103: 13526 Segmentation fault      (core dumped) bin/circle $FLAGS $PORT >>syslog 2>&1
./autorun: line 103: 13651 Segmentation fault      (core dumped) bin/circle $FLAGS $PORT >>syslog 2>&1
./autorun: line 103: 13722 Segmentation fault      (core dumped) bin/circle $FLAGS $PORT >>syslog 2>&1
./autorun: line 103: 13876 Segmentation fault      (core dumped) bin/circle $FLAGS $PORT >>syslog 2>&1
./autorun: line 103: 14065 Segmentation fault      (core dumped) bin/circle $FLAGS $PORT >>syslog 2>&1
./autorun: line 103: 14099 Segmentation fault      (core dumped) bin/circle $FLAGS $PORT >>syslog 2>&1
./autorun: line 103: 14135 Segmentation fault      (core dumped) bin/circle $FLAGS $PORT >>syslog 2>&1
./autorun: line 103: 14191 Segmentation fault      (core dumped) bin/circle $FLAGS $PORT >>syslog 2>&1
./autorun: line 103: 14340 Segmentation fault      (core dumped) bin/circle $FLAGS $PORT >>syslog 2>&1
./autorun: line 103: 14463 Segmentation fault      (core dumped) bin/circle $FLAGS $PORT >>syslog 2>&1
./autorun: line 103: 14529 Segmentation fault      (core dumped) bin/circle $FLAGS $PORT >>syslog 2>&1
./autorun: line 103: 14583 Segmentation fault      (core dumped) bin/circle $FLAGS $PORT >>syslog 2>&1
./autorun: line 103: 14659 Segmentation fault      (core dumped) bin/circle $FLAGS $PORT >>syslog 2>&1
./autorun: line 103: 14720 Segmentation fault      (core dumped) bin/circle $FLAGS $PORT >>syslog 2>&1
./autorun: line 103: 14773 Aborted                 (core dumped) bin/circle $FLAGS $PORT >>syslog 2>&1
./autorun: line 103: 14827 Aborted                 (core dumped) bin/circle $FLAGS $PORT >>syslog 2>&1
./autorun: line 103: 14891 Segmentation fault      (core dumped) bin/circle $FLAGS $PORT >>syslog 2>&1
./autorun: line 103: 14963 Segmentation fault      (core dumped) bin/circle $FLAGS $PORT >>syslog 2>&1
./autorun: line 103: 15061 Segmentation fault      (core dumped) bin/circle $FLAGS $PORT >>syslog 2>&1
./autorun: line 103: 15136 Segmentation fault      (core dumped) bin/circle $FLAGS $PORT >>syslog 2>&1
./autorun: line 103: 15526 Segmentation fault      (core dumped) bin/circle $FLAGS $PORT >>syslog 2>&1
./autorun: line 103: 15574 Segmentation fault      (core dumped) bin/circle $FLAGS $PORT >>syslog 2>&1
./autorun: line 103: 15630 Segmentation fault      (core dumped) bin/circle $FLAGS $PORT >>syslog 2>&1
./autorun: line 103: 15672 Segmentation fault      (core dumped) bin/circle $FLAGS $PORT >>syslog 2>&1
./autorun: line 103: 15975 Segmentation fault      (core dumped) bin/circle $FLAGS $PORT >>syslog 2>&1
./autorun: line 103: 16239 Segmentation fault      (core dumped) bin/circle $FLAGS $PORT >>syslog 2>&1
./autorun: line 103: 17729 Segmentation fault      (core dumped) bin/circle $FLAGS $PORT >>syslog 2>&1
./autorun: line 103: 17763 Segmentation fault      (core dumped) bin/circle $FLAGS $PORT >>syslog 2>&1
./autorun: line 103: 17797 Segmentation fault      (core dumped) bin/circle $FLAGS $PORT >>syslog 2>&1
./autorun: line 103: 17831 Segmentation fault      (core dumped) bin/circle $FLAGS $PORT >>syslog 2>&1
./autorun: line 103: 18121 Segmentation fault      (core dumped) bin/circle $FLAGS $PORT >>syslog 2>&1
./autorun: line 103: 18157 Segmentation fault      (core dumped) bin/circle $FLAGS $PORT >>syslog 2>&1
./autorun: line 103: 18261 Segmentation fault      (core dumped) bin/circle $FLAGS $PORT >>syslog 2>&1
./autorun: line 103: 18728 Segmentation fault      (core dumped) bin/circle $FLAGS $PORT >>syslog 2>&1
./autorun: line 103: 18762 Segmentation fault      (core dumped) bin/circle $FLAGS $PORT >>syslog 2>&1
./autorun: line 103: 19178 Segmentation fault      (core dumped) bin/circle $FLAGS $PORT >>syslog 2>&1
./autorun: line 103: 19238 Segmentation fault      (core dumped) bin/circle $FLAGS $PORT >>syslog 2>&1
./autorun: line 103: 19286 Segmentation fault      (core dumped) bin/circle $FLAGS $PORT >>syslog 2>&1
./autorun: line 103: 19324 Segmentation fault      (core dumped) bin/circle $FLAGS $PORT >>syslog 2>&1
./autorun: line 103: 19376 Segmentation fault      (core dumped) bin/circle $FLAGS $PORT >>syslog 2>&1
./autorun: line 103: 19416 Segmentation fault      (core dumped) bin/circle $FLAGS $PORT >>syslog 2>&1
./autorun: line 103: 20021 Segmentation fault      (core dumped) bin/circle $FLAGS $PORT >>syslog 2>&1
./autorun: line 103: 20322 Segmentation fault      (core dumped) bin/circle $FLAGS $PORT >>syslog 2>&1
./autorun: line 103: 20360 Segmentation fault      (core dumped) bin/circle $FLAGS $PORT >>syslog 2>&1
./autorun: line 103: 20784 Segmentation fault      (core dumped) bin/circle $FLAGS $PORT >>syslog 2>&1
./autorun: line 103: 21054 Segmentation fault      (core dumped) bin/circle $FLAGS $PORT >>syslog 2>&1
./autorun: line 103: 21633 Segmentation fault      (core dumped) bin/circle $FLAGS $PORT >>syslog 2>&1
./autorun: line 103: 22765 Segmentation fault      (core dumped) bin/circle $FLAGS $PORT >>syslog 2>&1
./autorun: line 103: 23788 Segmentation fault      (core dumped) bin/circle $FLAGS $PORT >>syslog 2>&1
./autorun: line 103: 23840 Segmentation fault      (core dumped) bin/circle $FLAGS $PORT >>syslog 2>&1
./autorun: line 103: 23880 Segmentation fault      (core dumped) bin/circle $FLAGS $PORT >>syslog 2>&1
./autorun: line 103: 23914 Segmentation fault      (core dumped) bin/circle $FLAGS $PORT >>syslog 2>&1
./autorun: line 103: 23964 Segmentation fault      (core dumped) bin/circle $FLAGS $PORT >>syslog 2>&1
./autorun: line 103: 24000 Segmentation fault      (core dumped) bin/circle $FLAGS $PORT >>syslog 2>&1
./autorun: line 103: 24539 Segmentation fault      (core dumped) bin/circle $FLAGS $PORT >>syslog 2>&1
./autorun: line 103: 24575 Segmentation fault      (core dumped) bin/circle $FLAGS $PORT >>syslog 2>&1
./autorun: line 103: 26968 Segmentation fault      (core dumped) bin/circle $FLAGS $PORT >>syslog 2>&1
./autorun: line 103: 27432 Segmentation fault      (core dumped) bin/circle $FLAGS $PORT >>syslog 2>&1
./autorun: line 103: 27466 Segmentation fault      (core dumped) bin/circle $FLAGS $PORT >>syslog 2>&1
./autorun: line 103: 27540 Segmentation fault      (core dumped) bin/circle $FLAGS $PORT >>syslog 2>&1
./autorun: line 103: 27574 Segmentation fault      (core dumped) bin/circle $FLAGS $PORT >>syslog 2>&1
./autorun: line 103: 27610 Segmentation fault      (core dumped) bin/circle $FLAGS $PORT >>syslog 2>&1
./autorun: line 103: 27644 Segmentation fault      (core dumped) bin/circle $FLAGS $PORT >>syslog 2>&1
./autorun: line 103: 27678 Segmentation fault      (core dumped) bin/circle $FLAGS $PORT >>syslog 2>&1
./autorun: line 103: 27712 Segmentation fault      (core dumped) bin/circle $FLAGS $PORT >>syslog 2>&1
./autorun: line 103: 27746 Segmentation fault      (core dumped) bin/circle $FLAGS $PORT >>syslog 2>&1
./autorun: line 103: 27780 Segmentation fault      (core dumped) bin/circle $FLAGS $PORT >>syslog 2>&1
./autorun: line 103: 27816 Segmentation fault      (core dumped) bin/circle $FLAGS $PORT >>syslog 2>&1
./autorun: line 103: 27850 Segmentation fault      (core dumped) bin/circle $FLAGS $PORT >>syslog 2>&1
./autorun: line 103: 27884 Segmentation fault      (core dumped) bin/circle $FLAGS $PORT >>syslog 2>&1
./autorun: line 103: 27918 Segmentation fault      (core dumped) bin/circle $FLAGS $PORT >>syslog 2>&1
./autorun: line 103: 28758 Segmentation fault      (core dumped) bin/circle $FLAGS $PORT >>syslog 2>&1
./autorun: line 103: 28866 Segmentation fault      (core dumped) bin/circle $FLAGS $PORT >>syslog 2>&1
./autorun: line 103: 28900 Segmentation fault      (core dumped) bin/circle $FLAGS $PORT >>syslog 2>&1
./autorun: line 103: 28934 Segmentation fault      (core dumped) bin/circle $FLAGS $PORT >>syslog 2>&1
./autorun: line 103:  1187 Segmentation fault      (core dumped) bin/circle $FLAGS $PORT >>syslog 2>&1
./autorun: line 103:  1276 Segmentation fault      (core dumped) bin/circle $FLAGS $PORT >>syslog 2>&1
./autorun: line 103:  9314 Segmentation fault      (core dumped) bin/circle $FLAGS $PORT >>syslog 2>&1
./autorun: line 103:  9412 Segmentation fault      (core dumped) bin/circle $FLAGS $PORT >>syslog 2>&1
./autorun: line 103: 20610 Segmentation fault      (core dumped) bin/circle $FLAGS $PORT >>syslog 2>&1
./autorun: line 103: 20644 Segmentation fault      (core dumped) bin/circle $FLAGS $PORT >>syslog 2>&1
./autorun: line 103: 21289 Segmentation fault      (core dumped) bin/circle $FLAGS $PORT >>syslog 2>&1
./autorun: line 103: 21337 Segmentation fault      (core dumped) bin/circle $FLAGS $PORT >>syslog 2>&1
./autorun: line 103: 22230 Segmentation fault      (core dumped) bin/circle $FLAGS $PORT >>syslog 2>&1
./autorun: line 103: 22668 Segmentation fault      (core dumped) bin/circle $FLAGS $PORT >>syslog 2>&1
./autorun: line 103: 22716 Segmentation fault      (core dumped) bin/circle $FLAGS $PORT >>syslog 2>&1
./autorun: line 103: 24770 Segmentation fault      (core dumped) bin/circle $FLAGS $PORT >>syslog 2>&1
./autorun: line 103: 26049 Segmentation fault      (core dumped) bin/circle $FLAGS $PORT >>syslog 2>&1
./autorun: line 103: 26105 Segmentation fault      (core dumped) bin/circle $FLAGS $PORT >>syslog 2>&1
./autorun: line 103: 26153 Segmentation fault      (core dumped) bin/circle $FLAGS $PORT >>syslog 2>&1
./autorun: line 103: 26191 Segmentation fault      (core dumped) bin/circle $FLAGS $PORT >>syslog 2>&1
./autorun: line 103: 26267 Segmentation fault      (core dumped) bin/circle $FLAGS $PORT >>syslog 2>&1
./autorun: line 103: 28257 Segmentation fault      (core dumped) bin/circle $FLAGS $PORT >>syslog 2>&1
./autorun: line 103: 28789 Segmentation fault      (core dumped) bin/circle $FLAGS $PORT >>syslog 2>&1
./autorun: line 103: 29373 Segmentation fault      (core dumped) bin/circle $FLAGS $PORT >>syslog 2>&1
./autorun: line 103: 30256 Segmentation fault      (core dumped) bin/circle $FLAGS $PORT >>syslog 2>&1
./autorun: line 103: 30860 Segmentation fault      (core dumped) bin/circle $FLAGS $PORT >>syslog 2>&1
./autorun: line 103: 32125 Segmentation fault      (core dumped) bin/circle $FLAGS $PORT >>syslog 2>&1
./autorun: line 103:   770 Segmentation fault      (core dumped) bin/circle $FLAGS $PORT >>syslog 2>&1
./autorun: line 103:   990 Segmentation fault      (core dumped) bin/circle $FLAGS $PORT >>syslog 2>&1
./autorun: line 103:  7522 Segmentation fault      (core dumped) bin/circle $FLAGS $PORT >>syslog 2>&1
./autorun: line 103:  1323 Segmentation fault      (core dumped) bin/circle $FLAGS $PORT >>syslog 2>&1
./autorun: line 103: 15485 Segmentation fault      (core dumped) bin/circle $FLAGS $PORT >>syslog 2>&1
./autorun: line 103: 15521 Segmentation fault      (core dumped) bin/circle $FLAGS $PORT >>syslog 2>&1
./autorun: line 103: 18755 Segmentation fault      (core dumped) bin/circle $FLAGS $PORT >>syslog 2>&1
./autorun: line 103:  4210 Segmentation fault      bin/circle $FLAGS $PORT >>syslog 2>&1
./autorun: line 103: 14215 Segmentation fault      bin/circle $FLAGS $PORT >>syslog 2>&1
./autorun: line 103: 14252 Segmentation fault      bin/circle $FLAGS $PORT >>syslog 2>&1
./autorun: line 103: 14286 Segmentation fault      bin/circle $FLAGS $PORT >>syslog 2>&1
./autorun: line 103: 14320 Segmentation fault      bin/circle $FLAGS $PORT >>syslog 2>&1
./autorun: line 103: 14354 Segmentation fault      bin/circle $FLAGS $PORT >>syslog 2>&1
./autorun: line 103: 14388 Segmentation fault      bin/circle $FLAGS $PORT >>syslog 2>&1
./autorun: line 103: 14422 Segmentation fault      bin/circle $FLAGS $PORT >>syslog 2>&1
./autorun: line 103: 14456 Segmentation fault      bin/circle $FLAGS $PORT >>syslog 2>&1
./autorun: line 103: 14493 Segmentation fault      bin/circle $FLAGS $PORT >>syslog 2>&1
./autorun: line 103: 14527 Segmentation fault      bin/circle $FLAGS $PORT >>syslog 2>&1
./autorun: line 103: 14564 Segmentation fault      bin/circle $FLAGS $PORT >>syslog 2>&1
./autorun: line 103: 14598 Segmentation fault      bin/circle $FLAGS $PORT >>syslog 2>&1
./autorun: line 103: 14727 Segmentation fault      bin/circle $FLAGS $PORT >>syslog 2>&1
./autorun: line 103: 14763 Segmentation fault      bin/circle $FLAGS $PORT >>syslog 2>&1
./autorun: line 103: 25719 Segmentation fault      bin/circle $FLAGS $PORT >>syslog 2>&1
./autorun: line 103: 25753 Segmentation fault      bin/circle $FLAGS $PORT >>syslog 2>&1
./autorun: line 103: 26659 Segmentation fault      bin/circle $FLAGS $PORT >>syslog 2>&1
./autorun: line 103: 27128 Segmentation fault      bin/circle $FLAGS $PORT >>syslog 2>&1
./autorun: line 103: 27162 Segmentation fault      bin/circle $FLAGS $PORT >>syslog 2>&1
./autorun: line 103: 27231 Segmentation fault      bin/circle $FLAGS $PORT >>syslog 2>&1
./autorun: line 103: 27690 Segmentation fault      bin/circle $FLAGS $PORT >>syslog 2>&1
